2026-06-02 23:30:15,152  === session start: mode pending, block=16384 sr=44100 ===
2026-06-02 23:30:16,153  mode=full-duplex fps=2 dsp_last=27.7ms dsp_max=29.0ms q(raw/mon/cab)=0/0/0 budget=371.5ms  glitches_this_sec=none
2026-06-02 23:30:17,154  mode=full-duplex fps=3 dsp_last=27.4ms dsp_max=30.7ms q(raw/mon/cab)=0/0/2 budget=371.5ms  glitches_this_sec=none
2026-06-02 23:30:18,154  mode=full-duplex fps=2 dsp_last=28.2ms dsp_max=30.7ms q(raw/mon/cab)=0/0/1 budget=371.5ms  glitches_this_sec=none
2026-06-02 23:30:19,155  mode=full-duplex fps=3 dsp_last=38.0ms dsp_max=38.0ms q(raw/mon/cab)=0/0/2 budget=371.5ms  glitches_this_sec=none
2026-06-02 23:30:20,156  mode=full-duplex fps=3 dsp_last=28.7ms dsp_max=40.2ms q(raw/mon/cab)=0/0/2 budget=371.5ms  glitches_this_sec=none
2026-06-02 23:30:21,156  mode=full-duplex fps=2 dsp_last=27.6ms dsp_max=40.2ms q(raw/mon/cab)=0/0/1 budget=371.5ms  glitches_this_sec=none
2026-06-02 23:30:22,157  mode=full-duplex fps=3 dsp_last=29.7ms dsp_max=40.2ms q(raw/mon/cab)=0/0/2 budget=371.5ms  glitches_this_sec=none
2026-06-02 23:30:23,157  mode=full-duplex fps=3 dsp_last=27.5ms dsp_max=40.2ms q(raw/mon/cab)=0/0/2 budget=371.5ms  glitches_this_sec=none
2026-06-02 23:30:24,158  mode=full-duplex fps=2 dsp_last=26.5ms dsp_max=40.2ms q(raw/mon/cab)=0/0/1 budget=371.5ms  glitches_this_sec=none
2026-06-02 23:30:25,158  mode=full-duplex fps=3 dsp_last=27.7ms dsp_max=40.2ms q(raw/mon/cab)=0/0/2 budget=371.5ms  glitches_this_sec=none
2026-06-02 23:30:26,158  mode=full-duplex fps=3 dsp_last=37.0ms dsp_max=40.2ms q(raw/mon/cab)=0/0/2 budget=371.5ms  glitches_this_sec=none
2026-06-02 23:30:27,159  mode=full-duplex fps=2 dsp_last=29.3ms dsp_max=40.2ms q(raw/mon/cab)=0/0/1 budget=371.5ms  glitches_this_sec=none
2026-06-02 23:30:28,160  mode=full-duplex fps=3 dsp_last=30.7ms dsp_max=40.2ms q(raw/mon/cab)=0/0/2 budget=371.5ms  glitches_this_sec=none
2026-06-02 23:30:29,160  mode=full-duplex fps=3 dsp_last=27.0ms dsp_max=40.2ms q(raw/mon/cab)=0/0/2 budget=371.5ms  glitches_this_sec=none
2026-06-02 23:30:30,161  mode=full-duplex fps=3 dsp_last=28.5ms dsp_max=40.2ms q(raw/mon/cab)=0/0/2 budget=371.5ms  glitches_this_sec=none
2026-06-02 23:30:31,162  mode=full-duplex fps=2 dsp_last=43.5ms dsp_max=43.5ms q(raw/mon/cab)=0/0/1 budget=371.5ms  glitches_this_sec=none
2026-06-02 23:30:32,162  mode=full-duplex fps=3 dsp_last=27.7ms dsp_max=45.0ms q(raw/mon/cab)=0/0/2 budget=371.5ms  glitches_this_sec=none
2026-06-02 23:30:33,162  mode=full-duplex fps=2 dsp_last=27.3ms dsp_max=45.0ms q(raw/mon/cab)=0/0/1 budget=371.5ms  glitches_this_sec=none
2026-06-02 23:30:34,163  mode=full-duplex fps=3 dsp_last=28.2ms dsp_max=45.0ms q(raw/mon/cab)=0/0/1 budget=371.5ms  glitches_this_sec=none
2026-06-02 23:30:35,164  mode=full-duplex fps=3 dsp_last=27.6ms dsp_max=45.0ms q(raw/mon/cab)=0/0/2 budget=371.5ms  glitches_this_sec=none
2026-06-02 23:30:36,164  mode=full-duplex fps=3 dsp_last=27.1ms dsp_max=45.0ms q(raw/mon/cab)=0/0/2 budget=371.5ms  glitches_this_sec=none
2026-06-02 23:30:37,165  mode=full-duplex fps=2 dsp_last=28.7ms dsp_max=45.0ms q(raw/mon/cab)=0/0/1 budget=371.5ms  glitches_this_sec=none
2026-06-02 23:30:38,166  mode=full-duplex fps=3 dsp_last=28.6ms dsp_max=45.0ms q(raw/mon/cab)=0/0/2 budget=371.5ms  glitches_this_sec=none
2026-06-02 23:30:39,166  mode=full-duplex fps=3 dsp_last=28.6ms dsp_max=45.0ms q(raw/mon/cab)=0/0/2 budget=371.5ms  glitches_this_sec=none
2026-06-02 23:30:40,167  mode=full-duplex fps=2 dsp_last=28.4ms dsp_max=45.0ms q(raw/mon/cab)=0/0/1 budget=371.5ms  glitches_this_sec=none
2026-06-02 23:30:41,167  mode=full-duplex fps=3 dsp_last=27.4ms dsp_max=45.0ms q(raw/mon/cab)=0/0/2 budget=371.5ms  glitches_this_sec=none
2026-06-02 23:30:42,167  mode=full-duplex fps=3 dsp_last=27.9ms dsp_max=45.0ms q(raw/mon/cab)=0/0/2 budget=371.5ms  glitches_this_sec=none
2026-06-02 23:30:43,168  mode=full-duplex fps=2 dsp_last=29.5ms dsp_max=45.0ms q(raw/mon/cab)=0/0/1 budget=371.5ms  glitches_this_sec=none
2026-06-02 23:30:44,168  mode=full-duplex fps=3 dsp_last=30.1ms dsp_max=45.0ms q(raw/mon/cab)=0/0/1 budget=371.5ms  glitches_this_sec=none
2026-06-02 23:30:45,169  mode=full-duplex fps=3 dsp_last=28.2ms dsp_max=45.0ms q(raw/mon/cab)=0/0/2 budget=371.5ms  glitches_this_sec=none
2026-06-02 23:30:46,169  mode=full-duplex fps=2 dsp_last=30.0ms dsp_max=45.0ms q(raw/mon/cab)=0/0/1 budget=371.5ms  glitches_this_sec=none
2026-06-02 23:30:47,170  mode=full-duplex fps=3 dsp_last=28.7ms dsp_max=45.0ms q(raw/mon/cab)=0/0/1 budget=371.5ms  glitches_this_sec=none
2026-06-02 23:30:48,170  mode=full-duplex fps=3 dsp_last=34.0ms dsp_max=45.0ms q(raw/mon/cab)=0/0/2 budget=371.5ms  glitches_this_sec=none
2026-06-02 23:30:49,171  mode=full-duplex fps=3 dsp_last=29.3ms dsp_max=45.0ms q(raw/mon/cab)=0/0/2 budget=371.5ms  glitches_this_sec=none
2026-06-02 23:30:50,171  mode=full-duplex fps=2 dsp_last=28.2ms dsp_max=45.0ms q(raw/mon/cab)=0/0/1 budget=371.5ms  glitches_this_sec=none
2026-06-02 23:30:51,172  mode=full-duplex fps=3 dsp_last=28.3ms dsp_max=45.0ms q(raw/mon/cab)=0/0/2 budget=371.5ms  glitches_this_sec=none
2026-06-02 23:30:52,172  mode=full-duplex fps=3 dsp_last=28.9ms dsp_max=45.0ms q(raw/mon/cab)=0/0/2 budget=371.5ms  glitches_this_sec=none
2026-06-02 23:30:53,173  mode=full-duplex fps=3 dsp_last=28.7ms dsp_max=45.0ms q(raw/mon/cab)=0/0/2 budget=371.5ms  glitches_this_sec=none
2026-06-02 23:30:54,173  mode=full-duplex fps=2 dsp_last=27.6ms dsp_max=45.0ms q(raw/mon/cab)=0/0/2 budget=371.5ms  glitches_this_sec=none
2026-06-02 23:30:55,174  mode=full-duplex fps=3 dsp_last=28.9ms dsp_max=45.0ms q(raw/mon/cab)=0/0/2 budget=371.5ms  glitches_this_sec=none
2026-06-02 23:30:56,174  mode=full-duplex fps=2 dsp_last=28.3ms dsp_max=45.0ms q(raw/mon/cab)=0/0/1 budget=371.5ms  glitches_this_sec=none
2026-06-02 23:30:57,175  mode=full-duplex fps=3 dsp_last=29.4ms dsp_max=45.0ms q(raw/mon/cab)=0/0/1 budget=371.5ms  glitches_this_sec=none
2026-06-02 23:30:58,176  mode=full-duplex fps=3 dsp_last=30.2ms dsp_max=45.0ms q(raw/mon/cab)=0/0/2 budget=371.5ms  glitches_this_sec=none
2026-06-02 23:30:59,176  mode=full-duplex fps=3 dsp_last=30.7ms dsp_max=45.0ms q(raw/mon/cab)=0/0/2 budget=371.5ms  glitches_this_sec=none
2026-06-02 23:31:00,177  mode=full-duplex fps=2 dsp_last=31.4ms dsp_max=45.0ms q(raw/mon/cab)=0/0/1 budget=371.5ms  glitches_this_sec=none
2026-06-02 23:31:01,177  mode=full-duplex fps=3 dsp_last=27.8ms dsp_max=45.0ms q(raw/mon/cab)=0/0/2 budget=371.5ms  glitches_this_sec=none
2026-06-02 23:31:02,177  mode=full-duplex fps=3 dsp_last=28.7ms dsp_max=45.0ms q(raw/mon/cab)=0/0/2 budget=371.5ms  glitches_this_sec=none
2026-06-02 23:31:03,177  mode=full-duplex fps=2 dsp_last=29.1ms dsp_max=45.0ms q(raw/mon/cab)=0/0/1 budget=371.5ms  glitches_this_sec=none
2026-06-02 23:31:04,178  mode=full-duplex fps=3 dsp_last=28.6ms dsp_max=45.0ms q(raw/mon/cab)=0/0/2 budget=371.5ms  glitches_this_sec=none
2026-06-02 23:31:05,178  mode=full-duplex fps=3 dsp_last=30.6ms dsp_max=45.0ms q(raw/mon/cab)=0/0/2 budget=371.5ms  glitches_this_sec=none
2026-06-02 23:31:06,179  mode=full-duplex fps=2 dsp_last=28.7ms dsp_max=45.0ms q(raw/mon/cab)=0/0/1 budget=371.5ms  glitches_this_sec=none
2026-06-02 23:31:07,180  mode=full-duplex fps=3 dsp_last=29.1ms dsp_max=45.0ms q(raw/mon/cab)=0/0/2 budget=371.5ms  glitches_this_sec=none
2026-06-02 23:31:08,180  mode=full-duplex fps=3 dsp_last=31.5ms dsp_max=45.0ms q(raw/mon/cab)=0/0/2 budget=371.5ms  glitches_this_sec=none
2026-06-02 23:31:09,180  mode=full-duplex fps=3 dsp_last=28.5ms dsp_max=45.0ms q(raw/mon/cab)=0/0/2 budget=371.5ms  glitches_this_sec=none
2026-06-02 23:31:10,181  mode=full-duplex fps=2 dsp_last=27.9ms dsp_max=45.0ms q(raw/mon/cab)=0/0/1 budget=371.5ms  glitches_this_sec=none
2026-06-02 23:31:11,181  mode=full-duplex fps=3 dsp_last=28.3ms dsp_max=45.0ms q(raw/mon/cab)=0/0/2 budget=371.5ms  glitches_this_sec=none
2026-06-02 23:31:12,182  mode=full-duplex fps=3 dsp_last=28.4ms dsp_max=45.0ms q(raw/mon/cab)=0/0/2 budget=371.5ms  glitches_this_sec=none
2026-06-02 23:31:13,182  mode=full-duplex fps=2 dsp_last=28.3ms dsp_max=45.0ms q(raw/mon/cab)=0/0/1 budget=371.5ms  glitches_this_sec=none
2026-06-02 23:31:14,183  mode=full-duplex fps=3 dsp_last=27.5ms dsp_max=45.0ms q(raw/mon/cab)=0/0/2 budget=371.5ms  glitches_this_sec=none
2026-06-02 23:31:15,183  mode=full-duplex fps=3 dsp_last=27.9ms dsp_max=45.0ms q(raw/mon/cab)=0/0/2 budget=371.5ms  glitches_this_sec=none
2026-06-02 23:31:16,184  mode=full-duplex fps=2 dsp_last=27.9ms dsp_max=45.0ms q(raw/mon/cab)=0/0/1 budget=371.5ms  glitches_this_sec=none
2026-06-02 23:31:17,184  mode=full-duplex fps=3 dsp_last=27.5ms dsp_max=45.0ms q(raw/mon/cab)=0/0/2 budget=371.5ms  glitches_this_sec=none
2026-06-02 23:31:18,185  mode=full-duplex fps=3 dsp_last=28.7ms dsp_max=45.0ms q(raw/mon/cab)=0/0/2 budget=371.5ms  glitches_this_sec=none
2026-06-02 23:31:19,186  mode=full-duplex fps=2 dsp_last=28.4ms dsp_max=45.0ms q(raw/mon/cab)=0/0/1 budget=371.5ms  glitches_this_sec=none
2026-06-02 23:31:20,186  mode=full-duplex fps=3 dsp_last=28.4ms dsp_max=45.0ms q(raw/mon/cab)=0/0/2 budget=371.5ms  glitches_this_sec=none
2026-06-02 23:31:21,187  mode=full-duplex fps=3 dsp_last=28.4ms dsp_max=45.0ms q(raw/mon/cab)=0/0/2 budget=371.5ms  glitches_this_sec=none
2026-06-02 23:31:22,187  mode=full-duplex fps=3 dsp_last=28.2ms dsp_max=45.0ms q(raw/mon/cab)=0/0/2 budget=371.5ms  glitches_this_sec=none
2026-06-02 23:31:23,188  mode=full-duplex fps=2 dsp_last=27.8ms dsp_max=45.0ms q(raw/mon/cab)=0/0/1 budget=371.5ms  glitches_this_sec=none
2026-06-02 23:31:24,188  mode=full-duplex fps=3 dsp_last=28.6ms dsp_max=45.0ms q(raw/mon/cab)=0/0/2 budget=371.5ms  glitches_this_sec=none
2026-06-02 23:31:25,189  mode=full-duplex fps=3 dsp_last=27.6ms dsp_max=45.0ms q(raw/mon/cab)=0/0/2 budget=371.5ms  glitches_this_sec=none
2026-06-02 23:31:26,189  mode=full-duplex fps=2 dsp_last=27.6ms dsp_max=45.0ms q(raw/mon/cab)=0/0/1 budget=371.5ms  glitches_this_sec=none
2026-06-02 23:31:27,189  mode=full-duplex fps=3 dsp_last=27.6ms dsp_max=45.0ms q(raw/mon/cab)=0/0/2 budget=371.5ms  glitches_this_sec=none
2026-06-02 23:31:28,190  mode=full-duplex fps=3 dsp_last=26.9ms dsp_max=45.0ms q(raw/mon/cab)=0/0/2 budget=371.5ms  glitches_this_sec=none
2026-06-02 23:31:29,191  mode=full-duplex fps=2 dsp_last=30.1ms dsp_max=45.0ms q(raw/mon/cab)=0/0/1 budget=371.5ms  glitches_this_sec=none
2026-06-02 23:31:30,191  mode=full-duplex fps=3 dsp_last=27.7ms dsp_max=45.0ms q(raw/mon/cab)=0/0/2 budget=371.5ms  glitches_this_sec=none
2026-06-02 23:31:31,192  mode=full-duplex fps=3 dsp_last=28.2ms dsp_max=45.0ms q(raw/mon/cab)=0/0/2 budget=371.5ms  glitches_this_sec=none
2026-06-02 23:31:32,192  mode=full-duplex fps=2 dsp_last=29.7ms dsp_max=45.0ms q(raw/mon/cab)=0/0/1 budget=371.5ms  glitches_this_sec=none
2026-06-02 23:31:33,193  mode=full-duplex fps=3 dsp_last=32.5ms dsp_max=45.0ms q(raw/mon/cab)=0/0/2 budget=371.5ms  glitches_this_sec=none
2026-06-02 23:31:34,194  mode=full-duplex fps=3 dsp_last=30.3ms dsp_max=45.0ms q(raw/mon/cab)=0/0/2 budget=371.5ms  glitches_this_sec=none
2026-06-02 23:31:35,194  mode=full-duplex fps=3 dsp_last=30.4ms dsp_max=45.0ms q(raw/mon/cab)=0/0/2 budget=371.5ms  glitches_this_sec=none
2026-06-02 23:31:36,195  mode=full-duplex fps=2 dsp_last=30.2ms dsp_max=45.0ms q(raw/mon/cab)=0/0/1 budget=371.5ms  glitches_this_sec=none
2026-06-02 23:31:37,195  mode=full-duplex fps=3 dsp_last=28.6ms dsp_max=45.0ms q(raw/mon/cab)=0/0/2 budget=371.5ms  glitches_this_sec=none
2026-06-02 23:31:38,196  mode=full-duplex fps=3 dsp_last=28.9ms dsp_max=45.0ms q(raw/mon/cab)=0/0/2 budget=371.5ms  glitches_this_sec=none
2026-06-02 23:31:39,196  mode=full-duplex fps=2 dsp_last=28.4ms dsp_max=45.0ms q(raw/mon/cab)=0/0/1 budget=371.5ms  glitches_this_sec=none
2026-06-02 23:31:40,197  mode=full-duplex fps=3 dsp_last=28.8ms dsp_max=45.0ms q(raw/mon/cab)=0/0/2 budget=371.5ms  glitches_this_sec=none
2026-06-02 23:31:41,197  mode=full-duplex fps=3 dsp_last=30.1ms dsp_max=45.0ms q(raw/mon/cab)=0/0/2 budget=371.5ms  glitches_this_sec=none
2026-06-02 23:31:42,198  mode=full-duplex fps=2 dsp_last=30.0ms dsp_max=45.0ms q(raw/mon/cab)=0/0/1 budget=371.5ms  glitches_this_sec=none
2026-06-02 23:31:43,199  mode=full-duplex fps=3 dsp_last=28.2ms dsp_max=45.0ms q(raw/mon/cab)=0/0/2 budget=371.5ms  glitches_this_sec=none
2026-06-02 23:31:44,199  mode=full-duplex fps=3 dsp_last=28.8ms dsp_max=45.0ms q(raw/mon/cab)=0/0/2 budget=371.5ms  glitches_this_sec=none
2026-06-02 23:31:45,200  mode=full-duplex fps=3 dsp_last=31.2ms dsp_max=45.0ms q(raw/mon/cab)=0/0/2 budget=371.5ms  glitches_this_sec=none
2026-06-02 23:31:46,200  mode=full-duplex fps=2 dsp_last=28.8ms dsp_max=45.0ms q(raw/mon/cab)=0/0/2 budget=371.5ms  glitches_this_sec=none
2026-06-02 23:31:47,201  mode=full-duplex fps=3 dsp_last=32.8ms dsp_max=45.0ms q(raw/mon/cab)=0/0/2 budget=371.5ms  glitches_this_sec=none
2026-06-02 23:31:48,201  mode=full-duplex fps=2 dsp_last=29.8ms dsp_max=45.0ms q(raw/mon/cab)=0/0/1 budget=371.5ms  glitches_this_sec=none
2026-06-02 23:31:49,202  mode=full-duplex fps=3 dsp_last=29.9ms dsp_max=45.0ms q(raw/mon/cab)=0/0/1 budget=371.5ms  glitches_this_sec=none
2026-06-02 23:31:50,203  mode=full-duplex fps=3 dsp_last=30.6ms dsp_max=45.0ms q(raw/mon/cab)=0/0/2 budget=371.5ms  glitches_this_sec=none
2026-06-02 23:31:51,203  mode=full-duplex fps=3 dsp_last=31.1ms dsp_max=45.0ms q(raw/mon/cab)=0/0/2 budget=371.5ms  glitches_this_sec=none
2026-06-02 23:31:52,204  mode=full-duplex fps=2 dsp_last=29.9ms dsp_max=45.0ms q(raw/mon/cab)=0/0/1 budget=371.5ms  glitches_this_sec=none
2026-06-02 23:31:53,204  mode=full-duplex fps=3 dsp_last=33.9ms dsp_max=54.8ms q(raw/mon/cab)=0/0/2 budget=371.5ms  glitches_this_sec=none
2026-06-02 23:31:54,205  mode=full-duplex fps=3 dsp_last=34.1ms dsp_max=54.8ms q(raw/mon/cab)=0/0/2 budget=371.5ms  glitches_this_sec=none
2026-06-02 23:31:55,206  mode=full-duplex fps=2 dsp_last=30.1ms dsp_max=54.8ms q(raw/mon/cab)=0/0/1 budget=371.5ms  glitches_this_sec=none
2026-06-02 23:31:56,206  mode=full-duplex fps=3 dsp_last=31.2ms dsp_max=54.8ms q(raw/mon/cab)=0/0/2 budget=371.5ms  glitches_this_sec=none
2026-06-02 23:31:57,207  mode=full-duplex fps=3 dsp_last=29.3ms dsp_max=54.8ms q(raw/mon/cab)=0/0/2 budget=371.5ms  glitches_this_sec=none
2026-06-02 23:31:58,208  mode=full-duplex fps=2 dsp_last=28.6ms dsp_max=54.8ms q(raw/mon/cab)=0/0/1 budget=371.5ms  glitches_this_sec=none
2026-06-02 23:31:59,208  mode=full-duplex fps=3 dsp_last=30.7ms dsp_max=54.8ms q(raw/mon/cab)=0/0/2 budget=371.5ms  glitches_this_sec=none
2026-06-02 23:32:00,209  mode=full-duplex fps=3 dsp_last=31.5ms dsp_max=54.8ms q(raw/mon/cab)=0/0/2 budget=371.5ms  glitches_this_sec=none
2026-06-02 23:32:01,210  mode=full-duplex fps=2 dsp_last=29.6ms dsp_max=54.8ms q(raw/mon/cab)=0/0/1 budget=371.5ms  glitches_this_sec=none
2026-06-02 23:32:02,210  mode=full-duplex fps=3 dsp_last=33.4ms dsp_max=54.8ms q(raw/mon/cab)=0/0/1 budget=371.5ms  glitches_this_sec=none
2026-06-02 23:32:03,211  mode=full-duplex fps=3 dsp_last=30.5ms dsp_max=54.8ms q(raw/mon/cab)=0/0/2 budget=371.5ms  glitches_this_sec=none
2026-06-02 23:32:04,211  mode=full-duplex fps=3 dsp_last=32.3ms dsp_max=54.8ms q(raw/mon/cab)=0/0/2 budget=371.5ms  glitches_this_sec=none
2026-06-02 23:32:05,212  mode=full-duplex fps=2 dsp_last=29.7ms dsp_max=54.8ms q(raw/mon/cab)=0/0/1 budget=371.5ms  glitches_this_sec=none
2026-06-02 23:32:06,212  mode=full-duplex fps=3 dsp_last=32.3ms dsp_max=54.8ms q(raw/mon/cab)=0/0/2 budget=371.5ms  glitches_this_sec=none
2026-06-02 23:32:07,213  mode=full-duplex fps=3 dsp_last=36.4ms dsp_max=54.8ms q(raw/mon/cab)=0/0/2 budget=371.5ms  glitches_this_sec=none
2026-06-02 23:32:08,214  mode=full-duplex fps=2 dsp_last=30.0ms dsp_max=54.8ms q(raw/mon/cab)=0/0/1 budget=371.5ms  glitches_this_sec=none
2026-06-02 23:32:09,214  mode=full-duplex fps=3 dsp_last=28.2ms dsp_max=54.8ms q(raw/mon/cab)=0/0/2 budget=371.5ms  glitches_this_sec=none
2026-06-02 23:32:10,215  mode=full-duplex fps=3 dsp_last=27.9ms dsp_max=54.8ms q(raw/mon/cab)=0/0/2 budget=371.5ms  glitches_this_sec=none
2026-06-02 23:32:11,215  mode=full-duplex fps=2 dsp_last=28.5ms dsp_max=54.8ms q(raw/mon/cab)=0/0/1 budget=371.5ms  glitches_this_sec=none
2026-06-02 23:32:12,216  mode=full-duplex fps=3 dsp_last=30.9ms dsp_max=54.8ms q(raw/mon/cab)=0/0/1 budget=371.5ms  glitches_this_sec=none
2026-06-02 23:32:13,216  mode=full-duplex fps=3 dsp_last=27.8ms dsp_max=54.8ms q(raw/mon/cab)=0/0/2 budget=371.5ms  glitches_this_sec=none
2026-06-02 23:32:14,217  mode=full-duplex fps=3 dsp_last=29.7ms dsp_max=54.8ms q(raw/mon/cab)=0/0/2 budget=371.5ms  glitches_this_sec=none
2026-06-02 23:32:15,217  mode=full-duplex fps=2 dsp_last=29.1ms dsp_max=54.8ms q(raw/mon/cab)=0/0/1 budget=371.5ms  glitches_this_sec=none
2026-06-02 23:32:16,218  mode=full-duplex fps=3 dsp_last=28.2ms dsp_max=54.8ms q(raw/mon/cab)=0/0/2 budget=371.5ms  glitches_this_sec=none
2026-06-02 23:32:17,218  mode=full-duplex fps=3 dsp_last=35.2ms dsp_max=54.8ms q(raw/mon/cab)=0/0/2 budget=371.5ms  glitches_this_sec=none
2026-06-02 23:32:18,219  mode=full-duplex fps=2 dsp_last=29.0ms dsp_max=54.8ms q(raw/mon/cab)=0/0/1 budget=371.5ms  glitches_this_sec=none
2026-06-02 23:32:19,219  mode=full-duplex fps=3 dsp_last=28.3ms dsp_max=54.8ms q(raw/mon/cab)=0/0/2 budget=371.5ms  glitches_this_sec=none
2026-06-02 23:32:20,220  mode=full-duplex fps=3 dsp_last=28.1ms dsp_max=54.8ms q(raw/mon/cab)=0/0/2 budget=371.5ms  glitches_this_sec=none
2026-06-02 23:32:21,220  mode=full-duplex fps=2 dsp_last=27.5ms dsp_max=54.8ms q(raw/mon/cab)=0/0/1 budget=371.5ms  glitches_this_sec=none
2026-06-02 23:32:22,221  mode=full-duplex fps=3 dsp_last=29.0ms dsp_max=54.8ms q(raw/mon/cab)=0/0/2 budget=371.5ms  glitches_this_sec=none
2026-06-02 23:32:23,222  mode=full-duplex fps=3 dsp_last=31.7ms dsp_max=54.8ms q(raw/mon/cab)=0/0/2 budget=371.5ms  glitches_this_sec=none
2026-06-02 23:32:24,223  mode=full-duplex fps=2 dsp_last=31.0ms dsp_max=54.8ms q(raw/mon/cab)=0/0/1 budget=371.5ms  glitches_this_sec=none
2026-06-02 23:32:25,223  mode=full-duplex fps=3 dsp_last=28.3ms dsp_max=54.8ms q(raw/mon/cab)=0/0/1 budget=371.5ms  glitches_this_sec=none
2026-06-02 23:32:26,223  mode=full-duplex fps=3 dsp_last=27.7ms dsp_max=54.8ms q(raw/mon/cab)=0/0/2 budget=371.5ms  glitches_this_sec=none
2026-06-02 23:32:27,224  mode=full-duplex fps=3 dsp_last=29.2ms dsp_max=54.8ms q(raw/mon/cab)=0/0/2 budget=371.5ms  glitches_this_sec=none
2026-06-02 23:32:28,225  mode=full-duplex fps=2 dsp_last=28.2ms dsp_max=54.8ms q(raw/mon/cab)=0/0/1 budget=371.5ms  glitches_this_sec=none
2026-06-02 23:32:29,225  mode=full-duplex fps=3 dsp_last=27.5ms dsp_max=54.8ms q(raw/mon/cab)=0/0/2 budget=371.5ms  glitches_this_sec=none
2026-06-02 23:32:30,226  mode=full-duplex fps=3 dsp_last=28.2ms dsp_max=54.8ms q(raw/mon/cab)=0/0/2 budget=371.5ms  glitches_this_sec=none
2026-06-02 23:32:31,226  mode=full-duplex fps=2 dsp_last=28.8ms dsp_max=54.8ms q(raw/mon/cab)=0/0/1 budget=371.5ms  glitches_this_sec=none
2026-06-02 23:32:32,227  mode=full-duplex fps=3 dsp_last=28.8ms dsp_max=54.8ms q(raw/mon/cab)=0/0/2 budget=371.5ms  glitches_this_sec=none
2026-06-02 23:32:33,227  mode=full-duplex fps=3 dsp_last=28.8ms dsp_max=54.8ms q(raw/mon/cab)=0/0/2 budget=371.5ms  glitches_this_sec=none
2026-06-02 23:32:34,227  mode=full-duplex fps=2 dsp_last=28.3ms dsp_max=54.8ms q(raw/mon/cab)=0/0/1 budget=371.5ms  glitches_this_sec=none
2026-06-02 23:32:35,228  mode=full-duplex fps=3 dsp_last=30.2ms dsp_max=54.8ms q(raw/mon/cab)=0/0/2 budget=371.5ms  glitches_this_sec=none
2026-06-02 23:32:36,228  mode=full-duplex fps=3 dsp_last=27.8ms dsp_max=54.8ms q(raw/mon/cab)=0/0/2 budget=371.5ms  glitches_this_sec=none
2026-06-02 23:32:37,229  mode=full-duplex fps=3 dsp_last=27.3ms dsp_max=54.8ms q(raw/mon/cab)=0/0/2 budget=371.5ms  glitches_this_sec=none
2026-06-02 23:32:38,229  mode=full-duplex fps=2 dsp_last=27.9ms dsp_max=54.8ms q(raw/mon/cab)=0/0/1 budget=371.5ms  glitches_this_sec=none
2026-06-02 23:32:39,230  mode=full-duplex fps=3 dsp_last=27.5ms dsp_max=54.8ms q(raw/mon/cab)=0/0/2 budget=371.5ms  glitches_this_sec=none
2026-06-02 23:32:40,231  mode=full-duplex fps=3 dsp_last=27.8ms dsp_max=54.8ms q(raw/mon/cab)=0/0/2 budget=371.5ms  glitches_this_sec=none
2026-06-02 23:32:41,231  mode=full-duplex fps=2 dsp_last=31.2ms dsp_max=54.8ms q(raw/mon/cab)=0/0/1 budget=371.5ms  glitches_this_sec=none
2026-06-02 23:32:42,232  mode=full-duplex fps=3 dsp_last=28.6ms dsp_max=54.8ms q(raw/mon/cab)=0/0/2 budget=371.5ms  glitches_this_sec=none
2026-06-02 23:32:43,233  mode=full-duplex fps=3 dsp_last=28.4ms dsp_max=54.8ms q(raw/mon/cab)=0/0/2 budget=371.5ms  glitches_this_sec=none
2026-06-02 23:32:44,233  mode=full-duplex fps=2 dsp_last=28.3ms dsp_max=54.8ms q(raw/mon/cab)=0/0/1 budget=371.5ms  glitches_this_sec=none
2026-06-02 23:32:45,234  mode=full-duplex fps=3 dsp_last=28.6ms dsp_max=54.8ms q(raw/mon/cab)=0/0/2 budget=371.5ms  glitches_this_sec=none
2026-06-02 23:32:46,234  mode=full-duplex fps=3 dsp_last=28.8ms dsp_max=54.8ms q(raw/mon/cab)=0/0/2 budget=371.5ms  glitches_this_sec=none
2026-06-02 23:32:47,235  mode=full-duplex fps=2 dsp_last=33.7ms dsp_max=54.8ms q(raw/mon/cab)=0/0/1 budget=371.5ms  glitches_this_sec=none
2026-06-02 23:32:48,235  mode=full-duplex fps=3 dsp_last=27.5ms dsp_max=54.8ms q(raw/mon/cab)=0/0/2 budget=371.5ms  glitches_this_sec=none
2026-06-02 23:32:49,235  mode=full-duplex fps=3 dsp_last=30.3ms dsp_max=54.8ms q(raw/mon/cab)=0/0/2 budget=371.5ms  glitches_this_sec=none
2026-06-02 23:32:50,236  mode=full-duplex fps=3 dsp_last=28.5ms dsp_max=54.8ms q(raw/mon/cab)=0/0/2 budget=371.5ms  glitches_this_sec=none
2026-06-02 23:32:51,236  mode=full-duplex fps=2 dsp_last=29.1ms dsp_max=54.8ms q(raw/mon/cab)=0/0/1 budget=371.5ms  glitches_this_sec=none
2026-06-02 23:32:52,237  mode=full-duplex fps=3 dsp_last=27.9ms dsp_max=54.8ms q(raw/mon/cab)=0/0/2 budget=371.5ms  glitches_this_sec=none
2026-06-02 23:32:53,237  mode=full-duplex fps=3 dsp_last=27.4ms dsp_max=54.8ms q(raw/mon/cab)=0/0/2 budget=371.5ms  glitches_this_sec=none
2026-06-02 23:32:54,238  mode=full-duplex fps=2 dsp_last=27.6ms dsp_max=54.8ms q(raw/mon/cab)=0/0/1 budget=371.5ms  glitches_this_sec=none
2026-06-02 23:32:55,239  mode=full-duplex fps=3 dsp_last=31.3ms dsp_max=54.8ms q(raw/mon/cab)=0/0/2 budget=371.5ms  glitches_this_sec=none
2026-06-02 23:32:56,239  mode=full-duplex fps=3 dsp_last=28.1ms dsp_max=54.8ms q(raw/mon/cab)=0/0/2 budget=371.5ms  glitches_this_sec=none
2026-06-02 23:32:57,240  mode=full-duplex fps=2 dsp_last=27.7ms dsp_max=54.8ms q(raw/mon/cab)=0/0/1 budget=371.5ms  glitches_this_sec=none
2026-06-02 23:32:58,240  mode=full-duplex fps=3 dsp_last=28.9ms dsp_max=54.8ms q(raw/mon/cab)=0/0/2 budget=371.5ms  glitches_this_sec=none
2026-06-02 23:32:59,241  mode=full-duplex fps=3 dsp_last=28.4ms dsp_max=54.8ms q(raw/mon/cab)=0/0/2 budget=371.5ms  glitches_this_sec=none
2026-06-02 23:33:00,241  mode=full-duplex fps=2 dsp_last=28.3ms dsp_max=54.8ms q(raw/mon/cab)=0/0/1 budget=371.5ms  glitches_this_sec=none
2026-06-02 23:33:01,241  mode=full-duplex fps=3 dsp_last=27.1ms dsp_max=54.8ms q(raw/mon/cab)=0/0/2 budget=371.5ms  glitches_this_sec=none
2026-06-02 23:33:02,242  mode=full-duplex fps=3 dsp_last=28.7ms dsp_max=54.8ms q(raw/mon/cab)=0/0/2 budget=371.5ms  glitches_this_sec=none
2026-06-02 23:33:03,243  mode=full-duplex fps=3 dsp_last=28.8ms dsp_max=54.8ms q(raw/mon/cab)=0/0/2 budget=371.5ms  glitches_this_sec=none
2026-06-02 23:33:04,243  mode=full-duplex fps=2 dsp_last=27.3ms dsp_max=54.8ms q(raw/mon/cab)=0/0/1 budget=371.5ms  glitches_this_sec=none
2026-06-02 23:33:05,243  mode=full-duplex fps=3 dsp_last=28.6ms dsp_max=54.8ms q(raw/mon/cab)=0/0/2 budget=371.5ms  glitches_this_sec=none
2026-06-02 23:33:06,244  mode=full-duplex fps=3 dsp_last=29.9ms dsp_max=54.8ms q(raw/mon/cab)=0/0/2 budget=371.5ms  glitches_this_sec=none
2026-06-02 23:33:07,245  mode=full-duplex fps=2 dsp_last=28.1ms dsp_max=54.8ms q(raw/mon/cab)=0/0/1 budget=371.5ms  glitches_this_sec=none
2026-06-02 23:33:08,245  mode=full-duplex fps=3 dsp_last=27.4ms dsp_max=54.8ms q(raw/mon/cab)=0/0/2 budget=371.5ms  glitches_this_sec=none
2026-06-02 23:33:09,245  mode=full-duplex fps=3 dsp_last=27.8ms dsp_max=54.8ms q(raw/mon/cab)=0/0/2 budget=371.5ms  glitches_this_sec=none
2026-06-02 23:33:10,246  mode=full-duplex fps=2 dsp_last=29.9ms dsp_max=54.8ms q(raw/mon/cab)=0/0/1 budget=371.5ms  glitches_this_sec=none
2026-06-02 23:33:11,246  mode=full-duplex fps=3 dsp_last=28.2ms dsp_max=54.8ms q(raw/mon/cab)=0/0/2 budget=371.5ms  glitches_this_sec=none
2026-06-02 23:33:12,247  mode=full-duplex fps=3 dsp_last=27.2ms dsp_max=54.8ms q(raw/mon/cab)=0/0/2 budget=371.5ms  glitches_this_sec=none
2026-06-02 23:33:13,247  mode=full-duplex fps=3 dsp_last=29.6ms dsp_max=54.8ms q(raw/mon/cab)=0/0/2 budget=371.5ms  glitches_this_sec=none
2026-06-02 23:33:14,248  mode=full-duplex fps=2 dsp_last=27.9ms dsp_max=54.8ms q(raw/mon/cab)=0/0/2 budget=371.5ms  glitches_this_sec=none
2026-06-02 23:33:15,248  mode=full-duplex fps=3 dsp_last=27.3ms dsp_max=54.8ms q(raw/mon/cab)=0/0/2 budget=371.5ms  glitches_this_sec=none
2026-06-02 23:33:16,249  mode=full-duplex fps=2 dsp_last=27.8ms dsp_max=54.8ms q(raw/mon/cab)=0/0/1 budget=371.5ms  glitches_this_sec=none
2026-06-02 23:33:17,249  mode=full-duplex fps=3 dsp_last=29.1ms dsp_max=54.8ms q(raw/mon/cab)=0/0/1 budget=371.5ms  glitches_this_sec=none
2026-06-02 23:33:18,249  mode=full-duplex fps=3 dsp_last=28.0ms dsp_max=54.8ms q(raw/mon/cab)=0/0/2 budget=371.5ms  glitches_this_sec=none
2026-06-02 23:33:19,250  mode=full-duplex fps=2 dsp_last=30.4ms dsp_max=54.8ms q(raw/mon/cab)=0/0/1 budget=371.5ms  glitches_this_sec=none
2026-06-02 23:33:20,250  mode=full-duplex fps=3 dsp_last=27.9ms dsp_max=54.8ms q(raw/mon/cab)=0/0/1 budget=371.5ms  glitches_this_sec=none
2026-06-02 23:33:21,251  mode=full-duplex fps=3 dsp_last=29.7ms dsp_max=54.8ms q(raw/mon/cab)=0/0/2 budget=371.5ms  glitches_this_sec=none
2026-06-02 23:33:22,251  mode=full-duplex fps=3 dsp_last=28.4ms dsp_max=54.8ms q(raw/mon/cab)=0/0/2 budget=371.5ms  glitches_this_sec=none
2026-06-02 23:33:23,251  mode=full-duplex fps=2 dsp_last=29.5ms dsp_max=54.8ms q(raw/mon/cab)=0/0/1 budget=371.5ms  glitches_this_sec=none
2026-06-02 23:33:24,252  mode=full-duplex fps=3 dsp_last=29.9ms dsp_max=54.8ms q(raw/mon/cab)=0/0/2 budget=371.5ms  glitches_this_sec=none
2026-06-02 23:33:25,252  mode=full-duplex fps=3 dsp_last=28.2ms dsp_max=54.8ms q(raw/mon/cab)=0/0/2 budget=371.5ms  glitches_this_sec=none
2026-06-02 23:33:26,253  mode=full-duplex fps=2 dsp_last=27.4ms dsp_max=54.8ms q(raw/mon/cab)=0/0/1 budget=371.5ms  glitches_this_sec=none
2026-06-02 23:33:27,254  mode=full-duplex fps=3 dsp_last=29.1ms dsp_max=54.8ms q(raw/mon/cab)=0/0/2 budget=371.5ms  glitches_this_sec=none
2026-06-02 23:33:28,254  mode=full-duplex fps=3 dsp_last=27.2ms dsp_max=54.8ms q(raw/mon/cab)=0/0/2 budget=371.5ms  glitches_this_sec=none
2026-06-02 23:33:29,255  mode=full-duplex fps=2 dsp_last=28.4ms dsp_max=54.8ms q(raw/mon/cab)=0/0/1 budget=371.5ms  glitches_this_sec=none
2026-06-02 23:33:30,256  mode=full-duplex fps=3 dsp_last=27.3ms dsp_max=54.8ms q(raw/mon/cab)=0/0/1 budget=371.5ms  glitches_this_sec=none
2026-06-02 23:33:31,256  mode=full-duplex fps=3 dsp_last=28.6ms dsp_max=54.8ms q(raw/mon/cab)=0/0/2 budget=371.5ms  glitches_this_sec=none
2026-06-02 23:33:32,256  mode=full-duplex fps=3 dsp_last=28.2ms dsp_max=54.8ms q(raw/mon/cab)=0/0/2 budget=371.5ms  glitches_this_sec=none
2026-06-02 23:33:33,257  mode=full-duplex fps=2 dsp_last=28.2ms dsp_max=54.8ms q(raw/mon/cab)=0/0/1 budget=371.5ms  glitches_this_sec=none
2026-06-02 23:33:34,257  mode=full-duplex fps=3 dsp_last=28.0ms dsp_max=54.8ms q(raw/mon/cab)=0/0/2 budget=371.5ms  glitches_this_sec=none
2026-06-02 23:33:35,258  mode=full-duplex fps=3 dsp_last=28.8ms dsp_max=54.8ms q(raw/mon/cab)=0/0/2 budget=371.5ms  glitches_this_sec=none
2026-06-02 23:33:36,258  mode=full-duplex fps=2 dsp_last=29.1ms dsp_max=54.8ms q(raw/mon/cab)=0/0/1 budget=371.5ms  glitches_this_sec=none
2026-06-02 23:33:37,259  mode=full-duplex fps=3 dsp_last=28.5ms dsp_max=54.8ms q(raw/mon/cab)=0/0/2 budget=371.5ms  glitches_this_sec=none
2026-06-02 23:33:38,259  mode=full-duplex fps=3 dsp_last=29.9ms dsp_max=54.8ms q(raw/mon/cab)=0/0/2 budget=371.5ms  glitches_this_sec=none
2026-06-02 23:33:39,260  mode=full-duplex fps=2 dsp_last=28.2ms dsp_max=54.8ms q(raw/mon/cab)=0/0/1 budget=371.5ms  glitches_this_sec=none
2026-06-02 23:33:40,260  mode=full-duplex fps=3 dsp_last=30.7ms dsp_max=54.8ms q(raw/mon/cab)=0/0/2 budget=371.5ms  glitches_this_sec=none
2026-06-02 23:33:41,261  mode=full-duplex fps=3 dsp_last=28.1ms dsp_max=54.8ms q(raw/mon/cab)=0/0/2 budget=371.5ms  glitches_this_sec=none
2026-06-02 23:33:42,261  mode=full-duplex fps=2 dsp_last=28.6ms dsp_max=54.8ms q(raw/mon/cab)=0/0/1 budget=371.5ms  glitches_this_sec=none
2026-06-02 23:33:43,262  mode=full-duplex fps=3 dsp_last=29.7ms dsp_max=54.8ms q(raw/mon/cab)=0/0/1 budget=371.5ms  glitches_this_sec=none
2026-06-02 23:33:44,262  mode=full-duplex fps=3 dsp_last=29.8ms dsp_max=54.8ms q(raw/mon/cab)=0/0/2 budget=371.5ms  glitches_this_sec=none
2026-06-02 23:33:45,262  mode=full-duplex fps=3 dsp_last=28.4ms dsp_max=54.8ms q(raw/mon/cab)=0/0/2 budget=371.5ms  glitches_this_sec=none
2026-06-02 23:33:46,263  mode=full-duplex fps=2 dsp_last=31.1ms dsp_max=54.8ms q(raw/mon/cab)=0/0/1 budget=371.5ms  glitches_this_sec=none
2026-06-02 23:33:47,263  mode=full-duplex fps=3 dsp_last=33.5ms dsp_max=54.8ms q(raw/mon/cab)=0/0/2 budget=371.5ms  glitches_this_sec=none
2026-06-02 23:33:48,264  mode=full-duplex fps=3 dsp_last=28.2ms dsp_max=54.8ms q(raw/mon/cab)=0/0/2 budget=371.5ms  glitches_this_sec=none
2026-06-02 23:33:49,265  mode=full-duplex fps=2 dsp_last=27.3ms dsp_max=54.8ms q(raw/mon/cab)=0/0/1 budget=371.5ms  glitches_this_sec=none
2026-06-02 23:33:50,265  mode=full-duplex fps=3 dsp_last=27.5ms dsp_max=54.8ms q(raw/mon/cab)=0/0/2 budget=371.5ms  glitches_this_sec=none
2026-06-02 23:33:51,266  mode=full-duplex fps=3 dsp_last=29.4ms dsp_max=54.8ms q(raw/mon/cab)=0/0/2 budget=371.5ms  glitches_this_sec=none
2026-06-02 23:33:52,266  mode=full-duplex fps=3 dsp_last=28.9ms dsp_max=54.8ms q(raw/mon/cab)=0/0/2 budget=371.5ms  glitches_this_sec=none
2026-06-02 23:33:53,267  mode=full-duplex fps=2 dsp_last=26.9ms dsp_max=54.8ms q(raw/mon/cab)=0/0/1 budget=371.5ms  glitches_this_sec=none
2026-06-02 23:33:54,267  mode=full-duplex fps=3 dsp_last=27.2ms dsp_max=54.8ms q(raw/mon/cab)=0/0/2 budget=371.5ms  glitches_this_sec=none
2026-06-02 23:33:55,268  mode=full-duplex fps=2 dsp_last=28.6ms dsp_max=54.8ms q(raw/mon/cab)=0/0/1 budget=371.5ms  glitches_this_sec=none
2026-06-02 23:33:56,268  mode=full-duplex fps=3 dsp_last=28.8ms dsp_max=54.8ms q(raw/mon/cab)=0/0/1 budget=371.5ms  glitches_this_sec=none
2026-06-02 23:33:57,269  mode=full-duplex fps=3 dsp_last=27.4ms dsp_max=54.8ms q(raw/mon/cab)=0/0/2 budget=371.5ms  glitches_this_sec=none
2026-06-02 23:33:58,269  mode=full-duplex fps=3 dsp_last=29.9ms dsp_max=54.8ms q(raw/mon/cab)=0/0/2 budget=371.5ms  glitches_this_sec=none
2026-06-02 23:33:59,270  mode=full-duplex fps=2 dsp_last=27.3ms dsp_max=54.8ms q(raw/mon/cab)=0/0/1 budget=371.5ms  glitches_this_sec=none
2026-06-02 23:34:00,270  mode=full-duplex fps=3 dsp_last=27.5ms dsp_max=54.8ms q(raw/mon/cab)=0/0/2 budget=371.5ms  glitches_this_sec=none
2026-06-02 23:34:01,271  mode=full-duplex fps=3 dsp_last=28.3ms dsp_max=54.8ms q(raw/mon/cab)=0/0/2 budget=371.5ms  glitches_this_sec=none
2026-06-02 23:34:02,271  mode=full-duplex fps=2 dsp_last=27.9ms dsp_max=54.8ms q(raw/mon/cab)=0/0/1 budget=371.5ms  glitches_this_sec=none
2026-06-02 23:34:03,273  mode=full-duplex fps=3 dsp_last=27.3ms dsp_max=54.8ms q(raw/mon/cab)=0/0/2 budget=371.5ms  glitches_this_sec=none
2026-06-02 23:34:04,274  mode=full-duplex fps=3 dsp_last=28.4ms dsp_max=54.8ms q(raw/mon/cab)=0/0/2 budget=371.5ms  glitches_this_sec=none
2026-06-02 23:34:05,275  mode=full-duplex fps=2 dsp_last=27.6ms dsp_max=54.8ms q(raw/mon/cab)=0/0/1 budget=371.5ms  glitches_this_sec=none
2026-06-02 23:34:06,275  mode=full-duplex fps=3 dsp_last=27.5ms dsp_max=54.8ms q(raw/mon/cab)=0/0/1 budget=371.5ms  glitches_this_sec=none
2026-06-02 23:34:07,276  mode=full-duplex fps=3 dsp_last=27.5ms dsp_max=54.8ms q(raw/mon/cab)=0/0/2 budget=371.5ms  glitches_this_sec=none
2026-06-02 23:34:08,276  mode=full-duplex fps=3 dsp_last=28.3ms dsp_max=54.8ms q(raw/mon/cab)=0/0/2 budget=371.5ms  glitches_this_sec=none
2026-06-02 23:34:09,276  mode=full-duplex fps=2 dsp_last=27.6ms dsp_max=54.8ms q(raw/mon/cab)=0/0/1 budget=371.5ms  glitches_this_sec=none
2026-06-02 23:34:10,276  mode=full-duplex fps=3 dsp_last=27.5ms dsp_max=54.8ms q(raw/mon/cab)=0/0/2 budget=371.5ms  glitches_this_sec=none
2026-06-02 23:34:11,277  mode=full-duplex fps=3 dsp_last=27.6ms dsp_max=54.8ms q(raw/mon/cab)=0/0/2 budget=371.5ms  glitches_this_sec=none
2026-06-02 23:34:12,277  mode=full-duplex fps=2 dsp_last=27.3ms dsp_max=54.8ms q(raw/mon/cab)=0/0/1 budget=371.5ms  glitches_this_sec=none
2026-06-02 23:34:13,278  mode=full-duplex fps=3 dsp_last=27.2ms dsp_max=54.8ms q(raw/mon/cab)=0/0/2 budget=371.5ms  glitches_this_sec=none
2026-06-02 23:34:14,278  mode=full-duplex fps=3 dsp_last=27.7ms dsp_max=54.8ms q(raw/mon/cab)=0/0/2 budget=371.5ms  glitches_this_sec=none
2026-06-02 23:34:15,279  mode=full-duplex fps=2 dsp_last=27.6ms dsp_max=54.8ms q(raw/mon/cab)=0/0/1 budget=371.5ms  glitches_this_sec=none
2026-06-02 23:34:16,280  mode=full-duplex fps=3 dsp_last=27.5ms dsp_max=54.8ms q(raw/mon/cab)=0/0/2 budget=371.5ms  glitches_this_sec=none
2026-06-02 23:34:17,280  mode=full-duplex fps=3 dsp_last=27.6ms dsp_max=54.8ms q(raw/mon/cab)=0/0/2 budget=371.5ms  glitches_this_sec=none
2026-06-02 23:34:18,281  mode=full-duplex fps=2 dsp_last=27.6ms dsp_max=54.8ms q(raw/mon/cab)=0/0/1 budget=371.5ms  glitches_this_sec=none
2026-06-02 23:34:19,281  mode=full-duplex fps=3 dsp_last=27.4ms dsp_max=54.8ms q(raw/mon/cab)=0/0/1 budget=371.5ms  glitches_this_sec=none
2026-06-02 23:34:20,282  mode=full-duplex fps=3 dsp_last=28.8ms dsp_max=54.8ms q(raw/mon/cab)=0/0/2 budget=371.5ms  glitches_this_sec=none
2026-06-02 23:34:21,282  mode=full-duplex fps=3 dsp_last=39.9ms dsp_max=54.8ms q(raw/mon/cab)=0/0/2 budget=371.5ms  glitches_this_sec=none
2026-06-02 23:34:22,282  mode=full-duplex fps=2 dsp_last=28.3ms dsp_max=54.8ms q(raw/mon/cab)=0/0/1 budget=371.5ms  glitches_this_sec=none
2026-06-02 23:34:23,283  mode=full-duplex fps=3 dsp_last=27.6ms dsp_max=54.8ms q(raw/mon/cab)=0/0/2 budget=371.5ms  glitches_this_sec=none
2026-06-02 23:34:24,284  mode=full-duplex fps=0 dsp_last=27.6ms dsp_max=54.8ms q(raw/mon/cab)=0/0/0 budget=371.5ms  glitches_this_sec=none
2026-06-02 23:34:24,284  === session totals ===
2026-06-02 23:34:24,284    input_drops       = 0
2026-06-02 23:34:24,284    worker_mon_drops  = 0
2026-06-02 23:34:24,284    worker_cab_drops  = 0
2026-06-02 23:34:24,284    mon_underruns     = 0
2026-06-02 23:34:24,284    mon_overruns      = 0
2026-06-02 23:34:24,284    cab_underruns     = 0
2026-06-02 23:34:24,284    cab_overruns      = 0
2026-06-02 23:34:24,284    in_xruns          = 0
2026-06-02 23:34:24,284    out_xruns         = 0
2026-06-02 23:34:24,284    TOTAL glitches    = 0
2026-06-02 23:34:24,284    dsp_ms_max        = 54.8 (budget 371.5ms)
